0 verbose cli C:\Program Files\nodejs\node.exe C:\Program Files\nodejs\node_modules\npm\bin\npm-cli.js
1 info using npm@10.9.2
2 info using node@v22.14.0
3 silly config load:file:C:\Program Files\nodejs\node_modules\npm\npmrc
4 silly config load:file:C:\xampp_2\htdocs\electro\PhotoMaster\electron-react\.npmrc
5 silly config load:file:C:\Users\Haydar\.npmrc
6 silly config load:file:C:\Users\Haydar\AppData\Roaming\npm\etc\npmrc
7 verbose title npm install @mui/material @mui/icons-material @emotion/react @emotion/styled
8 verbose argv "install" "@mui/material" "@mui/icons-material" "@emotion/react" "@emotion/styled"
9 verbose logfile logs-max:10 dir:C:\xampp_2\htdocs\electro\PhotoMaster\electron-react\clear\_logs\2025-04-12T18_06_14_564Z-
10 verbose logfile C:\xampp_2\htdocs\electro\PhotoMaster\electron-react\clear\_logs\2025-04-12T18_06_14_564Z-debug-0.log
11 silly logfile done cleaning log files
12 silly packumentCache heap:4345298944 maxSize:1086324736 maxEntrySize:543162368
13 silly idealTree buildDeps
14 silly fetch manifest @mui/material@*
15 silly packumentCache full:https://registry.npmjs.org/@mui%2fmaterial cache-miss
16 http fetch GET 200 https://registry.npmjs.org/@mui%2fmaterial 12194ms (cache miss)
17 silly packumentCache full:https://registry.npmjs.org/@mui%2fmaterial set size:undefined disposed:false
18 silly fetch manifest @emotion/react@*
19 silly packumentCache full:https://registry.npmjs.org/@emotion%2freact cache-miss
20 http fetch GET 200 https://registry.npmjs.org/@emotion%2freact 1058ms (cache miss)
21 silly packumentCache full:https://registry.npmjs.org/@emotion%2freact set size:undefined disposed:false
22 silly fetch manifest react@>=16.8.0
23 silly packumentCache full:https://registry.npmjs.org/react cache-miss
24 http cache https://registry.npmjs.org/react 18ms (cache hit)
25 silly packumentCache full:https://registry.npmjs.org/react set size:5602217 disposed:false
26 silly fetch manifest @emotion/styled@*
27 silly packumentCache full:https://registry.npmjs.org/@emotion%2fstyled cache-miss
28 http fetch GET 200 https://registry.npmjs.org/@emotion%2fstyled 648ms (cache miss)
29 silly packumentCache full:https://registry.npmjs.org/@emotion%2fstyled set size:undefined disposed:false
30 silly fetch manifest @mui/material-pigment-css@^7.0.2
31 silly packumentCache full:https://registry.npmjs.org/@mui%2fmaterial-pigment-css cache-miss
32 http fetch GET 200 https://registry.npmjs.org/@mui%2fmaterial-pigment-css 1330ms (cache miss)
33 silly packumentCache full:https://registry.npmjs.org/@mui%2fmaterial-pigment-css set size:undefined disposed:false
34 silly fetch manifest @pigment-css/react@^0.0.30
35 silly packumentCache full:https://registry.npmjs.org/@pigment-css%2freact cache-miss
36 http fetch GET 200 https://registry.npmjs.org/@pigment-css%2freact 649ms (cache miss)
37 silly packumentCache full:https://registry.npmjs.org/@pigment-css%2freact set size:undefined disposed:false
38 silly fetch manifest @types/react@^17.0.0 || ^18.0.0 || ^19.0.0
39 silly packumentCache full:https://registry.npmjs.org/@types%2freact cache-miss
40 http fetch GET 200 https://registry.npmjs.org/@types%2freact 1426ms (cache miss)
41 silly packumentCache full:https://registry.npmjs.org/@types%2freact set size:undefined disposed:false
42 silly fetch manifest react-dom@^17.0.0 || ^18.0.0 || ^19.0.0
43 silly packumentCache full:https://registry.npmjs.org/react-dom cache-miss
44 http cache https://registry.npmjs.org/react-dom 24ms (cache hit)
45 silly packumentCache full:https://registry.npmjs.org/react-dom set size:7073495 disposed:false
46 silly fetch manifest @mui/icons-material@*
47 silly packumentCache full:https://registry.npmjs.org/@mui%2ficons-material cache-miss
48 http fetch GET 200 https://registry.npmjs.org/@mui%2ficons-material 563ms (cache miss)
49 silly packumentCache full:https://registry.npmjs.org/@mui%2ficons-material set size:undefined disposed:false
50 silly placeDep ROOT @emotion/react@11.14.0 OK for:  want: *
51 silly placeDep ROOT @emotion/styled@11.14.0 OK for:  want: *
52 silly placeDep ROOT @mui/icons-material@7.0.2 OK for:  want: *
53 silly placeDep ROOT @mui/material@7.0.2 OK for: @mui/icons-material@7.0.2 want: ^7.0.2
54 silly placeDep ROOT @mui/material@7.0.2 REPLACE for:  want: *
55 silly fetch manifest @babel/runtime@^7.18.3
56 silly packumentCache full:https://registry.npmjs.org/@babel%2fruntime cache-miss
57 silly fetch manifest @emotion/babel-plugin@^11.13.5
58 silly packumentCache full:https://registry.npmjs.org/@emotion%2fbabel-plugin cache-miss
59 silly fetch manifest @emotion/cache@^11.14.0
60 silly packumentCache full:https://registry.npmjs.org/@emotion%2fcache cache-miss
61 silly fetch manifest @emotion/serialize@^1.3.3
62 silly packumentCache full:https://registry.npmjs.org/@emotion%2fserialize cache-miss
63 silly fetch manifest @emotion/use-insertion-effect-with-fallbacks@^1.2.0
64 silly packumentCache full:https://registry.npmjs.org/@emotion%2fuse-insertion-effect-with-fallbacks cache-miss
65 silly fetch manifest @emotion/utils@^1.4.2
66 silly packumentCache full:https://registry.npmjs.org/@emotion%2futils cache-miss
67 silly fetch manifest @emotion/weak-memoize@^0.4.0
68 silly packumentCache full:https://registry.npmjs.org/@emotion%2fweak-memoize cache-miss
69 silly fetch manifest hoist-non-react-statics@^3.3.1
70 silly packumentCache full:https://registry.npmjs.org/hoist-non-react-statics cache-miss
71 silly fetch manifest @babel/runtime@^7.18.3
72 silly packumentCache full:https://registry.npmjs.org/@babel%2fruntime cache-miss
73 silly fetch manifest @emotion/babel-plugin@^11.13.5
74 silly packumentCache full:https://registry.npmjs.org/@emotion%2fbabel-plugin cache-miss
75 silly fetch manifest @emotion/is-prop-valid@^1.3.0
76 silly packumentCache full:https://registry.npmjs.org/@emotion%2fis-prop-valid cache-miss
77 silly fetch manifest @emotion/serialize@^1.3.3
78 silly packumentCache full:https://registry.npmjs.org/@emotion%2fserialize cache-miss
79 silly fetch manifest @emotion/use-insertion-effect-with-fallbacks@^1.2.0
80 silly packumentCache full:https://registry.npmjs.org/@emotion%2fuse-insertion-effect-with-fallbacks cache-miss
81 silly fetch manifest @emotion/utils@^1.4.2
82 silly packumentCache full:https://registry.npmjs.org/@emotion%2futils cache-miss
83 silly fetch manifest @babel/runtime@^7.27.0
84 silly packumentCache full:https://registry.npmjs.org/@babel%2fruntime cache-miss
85 http fetch GET 200 https://registry.npmjs.org/@babel%2fruntime 1054ms (cache miss)
86 silly packumentCache full:https://registry.npmjs.org/@babel%2fruntime set size:undefined disposed:false
87 silly fetch manifest clsx@^2.1.1
88 silly packumentCache full:https://registry.npmjs.org/clsx cache-miss
89 http fetch GET https://registry.npmjs.org/@babel%2fruntime attempt 1 failed with ETIMEDOUT
90 http fetch GET 200 https://registry.npmjs.org/clsx 1633ms (cache miss)
91 silly packumentCache full:https://registry.npmjs.org/clsx set size:undefined disposed:false
92 silly fetch manifest csstype@^3.1.3
93 silly packumentCache full:https://registry.npmjs.org/csstype cache-miss
94 http fetch GET https://registry.npmjs.org/@emotion%2futils attempt 1 failed with ETIMEDOUT
95 http fetch GET https://registry.npmjs.org/@emotion%2fbabel-plugin attempt 1 failed with ETIMEDOUT
96 http fetch GET https://registry.npmjs.org/@emotion%2fcache attempt 1 failed with ETIMEDOUT
97 http fetch GET https://registry.npmjs.org/@babel%2fruntime attempt 1 failed with ETIMEDOUT
98 http fetch GET https://registry.npmjs.org/@emotion%2fserialize attempt 1 failed with ETIMEDOUT
99 http fetch GET https://registry.npmjs.org/@emotion%2fuse-insertion-effect-with-fallbacks attempt 1 failed with ETIMEDOUT
100 http fetch GET https://registry.npmjs.org/hoist-non-react-statics attempt 1 failed with ETIMEDOUT
101 http fetch GET https://registry.npmjs.org/@emotion%2fis-prop-valid attempt 1 failed with ETIMEDOUT
102 http fetch GET https://registry.npmjs.org/@emotion%2fuse-insertion-effect-with-fallbacks attempt 1 failed with ETIMEDOUT
103 http fetch GET https://registry.npmjs.org/@emotion%2futils attempt 1 failed with ETIMEDOUT
104 http fetch GET 200 https://registry.npmjs.org/csstype 974ms (cache miss)
105 silly packumentCache full:https://registry.npmjs.org/csstype set size:undefined disposed:false
106 silly fetch manifest react-is@^19.1.0
107 silly packumentCache full:https://registry.npmjs.org/react-is cache-miss
108 http fetch GET 200 https://registry.npmjs.org/@emotion%2fserialize 7987ms (cache miss)
109 silly packumentCache full:https://registry.npmjs.org/@emotion%2fserialize set size:undefined disposed:false
110 silly fetch manifest @mui/types@^7.4.1
111 silly packumentCache full:https://registry.npmjs.org/@mui%2ftypes cache-miss
112 http fetch GET 200 https://registry.npmjs.org/@emotion%2fweak-memoize 8312ms (cache miss)
113 silly packumentCache full:https://registry.npmjs.org/@emotion%2fweak-memoize set size:undefined disposed:false
114 silly fetch manifest @mui/utils@^7.0.2
115 silly packumentCache full:https://registry.npmjs.org/@mui%2futils cache-miss
116 http fetch GET 200 https://registry.npmjs.org/react-is 5194ms (cache miss)
117 silly packumentCache full:https://registry.npmjs.org/react-is set size:undefined disposed:false
118 silly fetch manifest prop-types@^15.8.1
119 silly packumentCache full:https://registry.npmjs.org/prop-types cache-miss
120 http fetch GET 200 https://registry.npmjs.org/@mui%2ftypes 1035ms (cache miss)
121 silly packumentCache full:https://registry.npmjs.org/@mui%2ftypes set size:undefined disposed:false
122 silly fetch manifest @mui/system@^7.0.2
123 silly packumentCache full:https://registry.npmjs.org/@mui%2fsystem cache-miss
124 http fetch GET 200 https://registry.npmjs.org/prop-types 819ms (cache miss)
125 silly packumentCache full:https://registry.npmjs.org/prop-types set size:undefined disposed:false
126 silly fetch manifest @babel/runtime@^7.27.0
127 silly packumentCache full:https://registry.npmjs.org/@babel%2fruntime cache-miss
128 http cache https://registry.npmjs.org/@babel%2fruntime 11ms (cache hit)
129 silly packumentCache full:https://registry.npmjs.org/@babel%2fruntime set size:2939197 disposed:false
130 silly fetch manifest @popperjs/core@^2.11.8
131 silly packumentCache full:https://registry.npmjs.org/@popperjs%2fcore cache-miss
132 http fetch GET 200 https://registry.npmjs.org/@mui%2futils 1542ms (cache miss)
133 silly packumentCache full:https://registry.npmjs.org/@mui%2futils set size:undefined disposed:false
134 silly fetch manifest react-transition-group@^4.4.5
135 silly packumentCache full:https://registry.npmjs.org/react-transition-group cache-miss
136 http fetch GET 200 https://registry.npmjs.org/@mui%2fsystem 925ms (cache miss)
137 silly packumentCache full:https://registry.npmjs.org/@mui%2fsystem set size:undefined disposed:false
138 silly fetch manifest @mui/core-downloads-tracker@^7.0.2
139 silly packumentCache full:https://registry.npmjs.org/@mui%2fcore-downloads-tracker cache-miss
140 http fetch GET 200 https://registry.npmjs.org/react-transition-group 501ms (cache miss)
141 silly packumentCache full:https://registry.npmjs.org/react-transition-group set size:undefined disposed:false
142 silly fetch manifest @types/react-transition-group@^4.4.12
143 silly packumentCache full:https://registry.npmjs.org/@types%2freact-transition-group cache-miss
144 http fetch GET 200 https://registry.npmjs.org/@popperjs%2fcore 990ms (cache miss)
145 silly packumentCache full:https://registry.npmjs.org/@popperjs%2fcore set size:undefined disposed:false
146 silly fetch manifest @mui/core-downloads-tracker@^7.0.2
147 silly packumentCache full:https://registry.npmjs.org/@mui%2fcore-downloads-tracker cache-miss
148 http fetch GET 200 https://registry.npmjs.org/@types%2freact-transition-group 808ms (cache miss)
149 silly packumentCache full:https://registry.npmjs.org/@types%2freact-transition-group set size:undefined disposed:false
150 http fetch GET 200 https://registry.npmjs.org/@mui%2fcore-downloads-tracker 1080ms (cache miss)
151 silly packumentCache full:https://registry.npmjs.org/@mui%2fcore-downloads-tracker set size:undefined disposed:false
152 http fetch GET 200 https://registry.npmjs.org/@mui%2fcore-downloads-tracker 2516ms (cache miss)
153 silly packumentCache full:https://registry.npmjs.org/@mui%2fcore-downloads-tracker set size:undefined disposed:false
154 http fetch GET https://registry.npmjs.org/@emotion%2fuse-insertion-effect-with-fallbacks attempt 2 failed with ENOBUFS
155 http fetch GET https://registry.npmjs.org/@emotion%2futils attempt 2 failed with ENOBUFS
156 http fetch GET 200 https://registry.npmjs.org/@emotion%2fbabel-plugin 13575ms attempt #2 (cache miss)
157 silly packumentCache full:https://registry.npmjs.org/@emotion%2fbabel-plugin set size:undefined disposed:false
158 http fetch GET 200 https://registry.npmjs.org/@emotion%2futils 13965ms attempt #2 (cache miss)
159 silly packumentCache full:https://registry.npmjs.org/@emotion%2futils set size:undefined disposed:false
160 http fetch GET https://registry.npmjs.org/@emotion%2fserialize attempt 2 failed with ENOBUFS
161 http fetch GET 200 https://registry.npmjs.org/@babel%2fruntime 14401ms attempt #2 (cache miss)
162 silly packumentCache full:https://registry.npmjs.org/@babel%2fruntime set size:undefined disposed:false
163 http fetch GET https://registry.npmjs.org/hoist-non-react-statics attempt 2 failed with ETIMEDOUT
164 http fetch GET https://registry.npmjs.org/@emotion%2fuse-insertion-effect-with-fallbacks attempt 2 failed with ETIMEDOUT
165 http fetch GET https://registry.npmjs.org/@emotion%2fis-prop-valid attempt 2 failed with ETIMEDOUT
166 http fetch GET 200 https://registry.npmjs.org/@babel%2fruntime 17455ms attempt #2 (cache miss)
167 silly packumentCache full:https://registry.npmjs.org/@babel%2fruntime set size:undefined disposed:false
168 http fetch GET 200 https://registry.npmjs.org/@emotion%2fcache 18121ms attempt #2 (cache miss)
169 silly packumentCache full:https://registry.npmjs.org/@emotion%2fcache set size:undefined disposed:false
170 http fetch GET https://registry.npmjs.org/@emotion%2fbabel-plugin attempt 1 failed with ETIMEDOUT
171 http fetch GET 200 https://registry.npmjs.org/@emotion%2fbabel-plugin 34527ms attempt #2 (cache miss)
172 silly packumentCache full:https://registry.npmjs.org/@emotion%2fbabel-plugin set size:undefined disposed:false
173 http fetch GET 200 https://registry.npmjs.org/@emotion%2fuse-insertion-effect-with-fallbacks 73679ms attempt #3 (cache miss)
174 silly packumentCache full:https://registry.npmjs.org/@emotion%2fuse-insertion-effect-with-fallbacks set size:undefined disposed:false
175 http fetch GET 200 https://registry.npmjs.org/@emotion%2futils 73875ms attempt #3 (cache miss)
176 silly packumentCache full:https://registry.npmjs.org/@emotion%2futils set size:undefined disposed:false
177 http fetch GET 200 https://registry.npmjs.org/@emotion%2fserialize 74222ms attempt #3 (cache miss)
178 silly packumentCache full:https://registry.npmjs.org/@emotion%2fserialize set size:undefined disposed:false
179 http fetch GET 200 https://registry.npmjs.org/hoist-non-react-statics 74597ms attempt #3 (cache miss)
180 silly packumentCache full:https://registry.npmjs.org/hoist-non-react-statics set size:undefined disposed:false
181 http fetch GET 200 https://registry.npmjs.org/@emotion%2fuse-insertion-effect-with-fallbacks 75201ms attempt #3 (cache miss)
182 silly packumentCache full:https://registry.npmjs.org/@emotion%2fuse-insertion-effect-with-fallbacks set size:undefined disposed:false
183 http fetch GET 200 https://registry.npmjs.org/@emotion%2fis-prop-valid 76354ms attempt #3 (cache miss)
184 silly packumentCache full:https://registry.npmjs.org/@emotion%2fis-prop-valid set size:undefined disposed:false
185 silly placeDep ROOT @babel/runtime@7.27.0 OK for: @emotion/react@11.14.0 want: ^7.18.3
186 silly placeDep ROOT @emotion/babel-plugin@11.13.5 OK for: @emotion/react@11.14.0 want: ^11.13.5
187 silly placeDep ROOT @emotion/cache@11.14.0 OK for: @emotion/react@11.14.0 want: ^11.14.0
188 silly placeDep ROOT @emotion/serialize@1.3.3 OK for: @emotion/react@11.14.0 want: ^1.3.3
189 silly placeDep ROOT @emotion/use-insertion-effect-with-fallbacks@1.2.0 OK for: @emotion/react@11.14.0 want: ^1.2.0
190 silly placeDep ROOT @emotion/utils@1.4.2 OK for: @emotion/react@11.14.0 want: ^1.4.2
191 silly placeDep ROOT @emotion/weak-memoize@0.4.0 OK for: @emotion/react@11.14.0 want: ^0.4.0
192 silly placeDep ROOT hoist-non-react-statics@3.3.2 OK for: @emotion/react@11.14.0 want: ^3.3.1
193 silly fetch manifest regenerator-runtime@^0.14.0
194 silly packumentCache full:https://registry.npmjs.org/regenerator-runtime cache-miss
195 silly fetch manifest @babel/helper-module-imports@^7.16.7
196 silly packumentCache full:https://registry.npmjs.org/@babel%2fhelper-module-imports cache-miss
197 silly fetch manifest @emotion/hash@^0.9.2
198 silly packumentCache full:https://registry.npmjs.org/@emotion%2fhash cache-miss
199 silly fetch manifest @emotion/memoize@^0.9.0
200 silly packumentCache full:https://registry.npmjs.org/@emotion%2fmemoize cache-miss
201 silly fetch manifest babel-plugin-macros@^3.1.0
202 silly packumentCache full:https://registry.npmjs.org/babel-plugin-macros cache-miss
203 silly fetch manifest convert-source-map@^1.5.0
204 silly packumentCache full:https://registry.npmjs.org/convert-source-map cache-miss
205 silly fetch manifest escape-string-regexp@^4.0.0
206 silly packumentCache full:https://registry.npmjs.org/escape-string-regexp cache-miss
207 silly fetch manifest find-root@^1.1.0
208 silly packumentCache full:https://registry.npmjs.org/find-root cache-miss
209 silly fetch manifest source-map@^0.5.7
210 silly packumentCache full:https://registry.npmjs.org/source-map cache-miss
211 silly fetch manifest stylis@4.2.0
212 silly packumentCache full:https://registry.npmjs.org/stylis cache-miss
213 silly fetch manifest @emotion/memoize@^0.9.0
214 silly packumentCache full:https://registry.npmjs.org/@emotion%2fmemoize cache-miss
215 silly fetch manifest @emotion/sheet@^1.4.0
216 silly packumentCache full:https://registry.npmjs.org/@emotion%2fsheet cache-miss
217 silly fetch manifest stylis@4.2.0
218 silly packumentCache full:https://registry.npmjs.org/stylis cache-miss
219 silly fetch manifest @emotion/hash@^0.9.2
220 silly packumentCache full:https://registry.npmjs.org/@emotion%2fhash cache-miss
221 silly fetch manifest @emotion/memoize@^0.9.0
222 silly packumentCache full:https://registry.npmjs.org/@emotion%2fmemoize cache-miss
223 http fetch GET https://registry.npmjs.org/source-map attempt 1 failed with ENOBUFS
224 http fetch GET https://registry.npmjs.org/stylis attempt 1 failed with ENOBUFS
225 http fetch GET https://registry.npmjs.org/@emotion%2fmemoize attempt 1 failed with ENOBUFS
226 http fetch GET https://registry.npmjs.org/@emotion%2fsheet attempt 1 failed with ENOBUFS
227 http fetch GET https://registry.npmjs.org/stylis attempt 1 failed with ENOBUFS
228 http fetch GET https://registry.npmjs.org/@emotion%2fhash attempt 1 failed with ENOBUFS
229 http fetch GET https://registry.npmjs.org/@emotion%2fmemoize attempt 1 failed with ENOBUFS
230 http fetch GET 200 https://registry.npmjs.org/@babel%2fhelper-module-imports 100ms (cache miss)
231 silly packumentCache full:https://registry.npmjs.org/@babel%2fhelper-module-imports set size:undefined disposed:false
232 silly fetch manifest @emotion/unitless@^0.10.0
233 silly packumentCache full:https://registry.npmjs.org/@emotion%2funitless cache-miss
234 http fetch GET 200 https://registry.npmjs.org/regenerator-runtime 169ms (cache miss)
235 silly packumentCache full:https://registry.npmjs.org/regenerator-runtime set size:undefined disposed:false
236 silly fetch manifest csstype@^3.0.2
237 silly packumentCache full:https://registry.npmjs.org/csstype cache-miss
238 http cache https://registry.npmjs.org/csstype 5ms (cache hit)
239 silly packumentCache full:https://registry.npmjs.org/csstype set size:371760 disposed:false
240 silly fetch manifest react-is@^16.7.0
241 silly packumentCache full:https://registry.npmjs.org/react-is cache-miss
242 http cache https://registry.npmjs.org/react-is 10ms (cache hit)
243 silly packumentCache full:https://registry.npmjs.org/react-is set size:4562633 disposed:false
244 http fetch GET 200 https://registry.npmjs.org/babel-plugin-macros 244ms (cache miss)
245 silly packumentCache full:https://registry.npmjs.org/babel-plugin-macros set size:undefined disposed:false
246 http fetch GET https://registry.npmjs.org/escape-string-regexp attempt 1 failed with ETIMEDOUT
247 http fetch GET 200 https://registry.npmjs.org/@emotion%2fmemoize 313ms (cache miss)
248 silly packumentCache full:https://registry.npmjs.org/@emotion%2fmemoize set size:undefined disposed:false
249 http fetch GET 200 https://registry.npmjs.org/@emotion%2fhash 328ms (cache miss)
250 silly packumentCache full:https://registry.npmjs.org/@emotion%2fhash set size:undefined disposed:false
251 http fetch GET 200 https://registry.npmjs.org/@emotion%2funitless 306ms (cache miss)
252 silly packumentCache full:https://registry.npmjs.org/@emotion%2funitless set size:undefined disposed:false
253 http fetch GET https://registry.npmjs.org/convert-source-map attempt 1 failed with ETIMEDOUT
254 http fetch GET https://registry.npmjs.org/find-root attempt 1 failed with ETIMEDOUT
255 http fetch GET 200 https://registry.npmjs.org/@emotion%2fmemoize 10135ms attempt #2 (cache miss)
256 silly packumentCache full:https://registry.npmjs.org/@emotion%2fmemoize set size:undefined disposed:false
257 http fetch GET 200 https://registry.npmjs.org/stylis 10287ms attempt #2 (cache miss)
258 silly packumentCache full:https://registry.npmjs.org/stylis set size:undefined disposed:false
259 http fetch GET 200 https://registry.npmjs.org/@emotion%2fmemoize 10411ms attempt #2 (cache miss)
260 silly packumentCache full:https://registry.npmjs.org/@emotion%2fmemoize set size:undefined disposed:false
261 http fetch GET 200 https://registry.npmjs.org/@emotion%2fhash 10425ms attempt #2 (cache miss)
262 silly packumentCache full:https://registry.npmjs.org/@emotion%2fhash set size:undefined disposed:false
263 http fetch GET 200 https://registry.npmjs.org/source-map 10434ms attempt #2 (cache miss)
264 silly packumentCache full:https://registry.npmjs.org/source-map set size:undefined disposed:false
265 http fetch GET 200 https://registry.npmjs.org/escape-string-regexp 10485ms attempt #2 (cache miss)
266 silly packumentCache full:https://registry.npmjs.org/escape-string-regexp set size:undefined disposed:false
267 http fetch GET 200 https://registry.npmjs.org/@emotion%2fsheet 10512ms attempt #2 (cache miss)
268 silly packumentCache full:https://registry.npmjs.org/@emotion%2fsheet set size:undefined disposed:false
269 http fetch GET 200 https://registry.npmjs.org/stylis 10861ms attempt #2 (cache miss)
270 silly packumentCache full:https://registry.npmjs.org/stylis set size:undefined disposed:false
271 http fetch GET 200 https://registry.npmjs.org/convert-source-map 11038ms attempt #2 (cache miss)
272 silly packumentCache full:https://registry.npmjs.org/convert-source-map set size:undefined disposed:false
273 http fetch GET 200 https://registry.npmjs.org/find-root 11065ms attempt #2 (cache miss)
274 silly packumentCache full:https://registry.npmjs.org/find-root set size:undefined disposed:false
275 silly placeDep ROOT regenerator-runtime@0.14.1 OK for: @babel/runtime@7.27.0 want: ^0.14.0
276 silly placeDep ROOT @babel/helper-module-imports@7.25.9 OK for: @emotion/babel-plugin@11.13.5 want: ^7.16.7
277 silly placeDep ROOT @emotion/hash@0.9.2 OK for: @emotion/babel-plugin@11.13.5 want: ^0.9.2
278 silly placeDep ROOT @emotion/memoize@0.9.0 OK for: @emotion/babel-plugin@11.13.5 want: ^0.9.0
279 silly placeDep ROOT babel-plugin-macros@3.1.0 OK for: @emotion/babel-plugin@11.13.5 want: ^3.1.0
280 silly placeDep ROOT convert-source-map@1.9.0 OK for: @emotion/babel-plugin@11.13.5 want: ^1.5.0
281 silly placeDep ROOT escape-string-regexp@4.0.0 OK for: @emotion/babel-plugin@11.13.5 want: ^4.0.0
282 silly placeDep ROOT find-root@1.1.0 OK for: @emotion/babel-plugin@11.13.5 want: ^1.1.0
283 silly placeDep ROOT source-map@0.5.7 OK for: @emotion/babel-plugin@11.13.5 want: ^0.5.7
284 silly placeDep ROOT stylis@4.2.0 OK for: @emotion/babel-plugin@11.13.5 want: 4.2.0
285 silly fetch manifest @babel/types@^7.25.9
286 silly packumentCache full:https://registry.npmjs.org/@babel%2ftypes cache-miss
287 silly fetch manifest @babel/traverse@^7.25.9
288 silly packumentCache full:https://registry.npmjs.org/@babel%2ftraverse cache-miss
289 silly fetch manifest cosmiconfig@^7.0.0
290 silly packumentCache full:https://registry.npmjs.org/cosmiconfig cache-miss
291 silly fetch manifest resolve@^1.19.0
292 silly packumentCache full:https://registry.npmjs.org/resolve cache-miss
293 http fetch GET 200 https://registry.npmjs.org/resolve 223ms (cache miss)
294 silly packumentCache full:https://registry.npmjs.org/resolve set size:undefined disposed:false
295 http fetch GET 200 https://registry.npmjs.org/cosmiconfig 279ms (cache miss)
296 silly packumentCache full:https://registry.npmjs.org/cosmiconfig set size:undefined disposed:false
297 http fetch GET 200 https://registry.npmjs.org/@babel%2ftypes 362ms (cache miss)
298 silly packumentCache full:https://registry.npmjs.org/@babel%2ftypes set size:undefined disposed:false
299 http fetch GET 200 https://registry.npmjs.org/@babel%2ftraverse 886ms (cache miss)
300 silly packumentCache full:https://registry.npmjs.org/@babel%2ftraverse set size:undefined disposed:false
301 silly placeDep ROOT @babel/traverse@7.27.0 OK for: @babel/helper-module-imports@7.25.9 want: ^7.25.9
302 silly placeDep ROOT @babel/types@7.27.0 OK for: @babel/helper-module-imports@7.25.9 want: ^7.25.9
303 silly fetch manifest @babel/code-frame@^7.26.2
304 silly packumentCache full:https://registry.npmjs.org/@babel%2fcode-frame cache-miss
305 silly fetch manifest @babel/generator@^7.27.0
306 silly packumentCache full:https://registry.npmjs.org/@babel%2fgenerator cache-miss
307 silly fetch manifest @babel/parser@^7.27.0
308 silly packumentCache full:https://registry.npmjs.org/@babel%2fparser cache-miss
309 silly fetch manifest @babel/template@^7.27.0
310 silly packumentCache full:https://registry.npmjs.org/@babel%2ftemplate cache-miss
311 silly fetch manifest @babel/types@^7.27.0
312 silly packumentCache full:https://registry.npmjs.org/@babel%2ftypes cache-miss
313 silly fetch manifest debug@^4.3.1
314 silly packumentCache full:https://registry.npmjs.org/debug cache-miss
315 silly fetch manifest globals@^11.1.0
316 silly packumentCache full:https://registry.npmjs.org/globals cache-miss
317 silly fetch manifest @babel/helper-string-parser@^7.25.9
318 silly packumentCache full:https://registry.npmjs.org/@babel%2fhelper-string-parser cache-miss
319 silly fetch manifest @babel/helper-validator-identifier@^7.25.9
320 silly packumentCache full:https://registry.npmjs.org/@babel%2fhelper-validator-identifier cache-miss
321 http cache https://registry.npmjs.org/@babel%2ftypes 13ms (cache hit)
322 silly packumentCache full:https://registry.npmjs.org/@babel%2ftypes set size:450606 disposed:false
323 http fetch GET 200 https://registry.npmjs.org/debug 114ms (cache miss)
324 silly packumentCache full:https://registry.npmjs.org/debug set size:undefined disposed:false
325 http fetch GET 200 https://registry.npmjs.org/globals 182ms (cache miss)
326 silly packumentCache full:https://registry.npmjs.org/globals set size:undefined disposed:false
327 http fetch GET 200 https://registry.npmjs.org/@babel%2fhelper-string-parser 188ms (cache miss)
328 silly packumentCache full:https://registry.npmjs.org/@babel%2fhelper-string-parser set size:undefined disposed:false
329 http fetch GET 200 https://registry.npmjs.org/@babel%2fcode-frame 195ms (cache miss)
330 silly packumentCache full:https://registry.npmjs.org/@babel%2fcode-frame set size:undefined disposed:false
331 http fetch GET 200 https://registry.npmjs.org/@babel%2fhelper-validator-identifier 281ms (cache miss)
332 silly packumentCache full:https://registry.npmjs.org/@babel%2fhelper-validator-identifier set size:undefined disposed:false
333 http fetch GET 200 https://registry.npmjs.org/@babel%2ftemplate 308ms (cache miss)
334 silly packumentCache full:https://registry.npmjs.org/@babel%2ftemplate set size:undefined disposed:false
335 http fetch GET 200 https://registry.npmjs.org/@babel%2fgenerator 329ms (cache miss)
336 silly packumentCache full:https://registry.npmjs.org/@babel%2fgenerator set size:undefined disposed:false
337 http fetch GET 200 https://registry.npmjs.org/@babel%2fparser 409ms (cache miss)
338 silly packumentCache full:https://registry.npmjs.org/@babel%2fparser set size:undefined disposed:false
339 silly placeDep ROOT @babel/code-frame@7.26.2 OK for: @babel/traverse@7.27.0 want: ^7.26.2
340 silly placeDep ROOT @babel/generator@7.27.0 OK for: @babel/traverse@7.27.0 want: ^7.27.0
341 silly placeDep ROOT @babel/parser@7.27.0 OK for: @babel/traverse@7.27.0 want: ^7.27.0
342 silly placeDep ROOT @babel/template@7.27.0 OK for: @babel/traverse@7.27.0 want: ^7.27.0
343 silly placeDep ROOT debug@4.4.0 OK for: @babel/traverse@7.27.0 want: ^4.3.1
344 silly placeDep ROOT globals@11.12.0 OK for: @babel/traverse@7.27.0 want: ^11.1.0
345 silly fetch manifest picocolors@^1.0.0
346 silly packumentCache full:https://registry.npmjs.org/picocolors cache-miss
347 silly fetch manifest @jridgewell/gen-mapping@^0.3.5
348 silly packumentCache full:https://registry.npmjs.org/@jridgewell%2fgen-mapping cache-miss
349 silly fetch manifest @jridgewell/trace-mapping@^0.3.25
350 silly packumentCache full:https://registry.npmjs.org/@jridgewell%2ftrace-mapping cache-miss
351 silly fetch manifest jsesc@^3.0.2
352 silly packumentCache full:https://registry.npmjs.org/jsesc cache-miss
353 silly fetch manifest ms@^2.1.3
354 silly packumentCache full:https://registry.npmjs.org/ms cache-miss
355 http fetch GET 200 https://registry.npmjs.org/picocolors 84ms (cache miss)
356 silly packumentCache full:https://registry.npmjs.org/picocolors set size:undefined disposed:false
357 http fetch GET 200 https://registry.npmjs.org/@jridgewell%2fgen-mapping 116ms (cache miss)
358 silly packumentCache full:https://registry.npmjs.org/@jridgewell%2fgen-mapping set size:undefined disposed:false
359 http fetch GET 200 https://registry.npmjs.org/jsesc 147ms (cache miss)
360 silly packumentCache full:https://registry.npmjs.org/jsesc set size:undefined disposed:false
361 http fetch GET 200 https://registry.npmjs.org/ms 179ms (cache miss)
362 silly packumentCache full:https://registry.npmjs.org/ms set size:undefined disposed:false
363 http fetch GET 200 https://registry.npmjs.org/@jridgewell%2ftrace-mapping 251ms (cache miss)
364 silly packumentCache full:https://registry.npmjs.org/@jridgewell%2ftrace-mapping set size:undefined disposed:false
365 silly placeDep ROOT @babel/helper-validator-identifier@7.25.9 OK for: @babel/code-frame@7.26.2 want: ^7.25.9
366 silly placeDep ROOT picocolors@1.1.1 OK for: @babel/code-frame@7.26.2 want: ^1.0.0
367 silly placeDep ROOT @jridgewell/gen-mapping@0.3.8 OK for: @babel/generator@7.27.0 want: ^0.3.5
368 silly placeDep ROOT @jridgewell/trace-mapping@0.3.25 OK for: @babel/generator@7.27.0 want: ^0.3.25
369 silly placeDep ROOT jsesc@3.1.0 OK for: @babel/generator@7.27.0 want: ^3.0.2
370 silly fetch manifest @jridgewell/set-array@^1.2.1
371 silly packumentCache full:https://registry.npmjs.org/@jridgewell%2fset-array cache-miss
372 silly fetch manifest @jridgewell/sourcemap-codec@^1.4.10
373 silly packumentCache full:https://registry.npmjs.org/@jridgewell%2fsourcemap-codec cache-miss
374 silly fetch manifest @jridgewell/trace-mapping@^0.3.24
375 silly packumentCache full:https://registry.npmjs.org/@jridgewell%2ftrace-mapping cache-miss
376 silly fetch manifest @jridgewell/resolve-uri@^3.1.0
377 silly packumentCache full:https://registry.npmjs.org/@jridgewell%2fresolve-uri cache-miss
378 silly fetch manifest @jridgewell/sourcemap-codec@^1.4.14
379 silly packumentCache full:https://registry.npmjs.org/@jridgewell%2fsourcemap-codec cache-miss
380 http cache https://registry.npmjs.org/@jridgewell%2ftrace-mapping 7ms (cache hit)
381 silly packumentCache full:https://registry.npmjs.org/@jridgewell%2ftrace-mapping set size:146917 disposed:false
382 http fetch GET 200 https://registry.npmjs.org/@jridgewell%2fresolve-uri 109ms (cache miss)
383 silly packumentCache full:https://registry.npmjs.org/@jridgewell%2fresolve-uri set size:undefined disposed:false
384 http fetch GET 200 https://registry.npmjs.org/@jridgewell%2fsourcemap-codec 116ms (cache miss)
385 silly packumentCache full:https://registry.npmjs.org/@jridgewell%2fsourcemap-codec set size:undefined disposed:false
386 http fetch GET 200 https://registry.npmjs.org/@jridgewell%2fsourcemap-codec 117ms (cache miss)
387 silly packumentCache full:https://registry.npmjs.org/@jridgewell%2fsourcemap-codec set size:undefined disposed:false
388 http fetch GET 200 https://registry.npmjs.org/@jridgewell%2fset-array 121ms (cache miss)
389 silly packumentCache full:https://registry.npmjs.org/@jridgewell%2fset-array set size:undefined disposed:false
390 silly placeDep ROOT @babel/helper-string-parser@7.25.9 OK for: @babel/types@7.27.0 want: ^7.25.9
391 silly placeDep ROOT @emotion/sheet@1.4.0 OK for: @emotion/cache@11.14.0 want: ^1.4.0
392 silly placeDep ROOT @emotion/unitless@0.10.0 OK for: @emotion/serialize@1.3.3 want: ^0.10.0
393 silly placeDep ROOT csstype@3.1.3 OK for: @emotion/serialize@1.3.3 want: ^3.0.2
394 silly placeDep ROOT @emotion/is-prop-valid@1.3.1 OK for: @emotion/styled@11.14.0 want: ^1.3.0
395 silly placeDep ROOT @jridgewell/set-array@1.2.1 OK for: @jridgewell/gen-mapping@0.3.8 want: ^1.2.1
396 silly placeDep ROOT @jridgewell/sourcemap-codec@1.5.0 OK for: @jridgewell/gen-mapping@0.3.8 want: ^1.4.10
397 silly placeDep ROOT @jridgewell/resolve-uri@3.1.2 OK for: @jridgewell/trace-mapping@0.3.25 want: ^3.1.0
398 silly fetch manifest react@^17.0.0 || ^18.0.0 || ^19.0.0
399 silly packumentCache full:https://registry.npmjs.org/react cache-miss
400 http cache https://registry.npmjs.org/react 15ms (cache hit)
401 silly packumentCache full:https://registry.npmjs.org/react set size:5602217 disposed:false
402 silly fetch manifest @emotion/react@^11.5.0
403 silly packumentCache full:https://registry.npmjs.org/@emotion%2freact cache-miss
404 http cache https://registry.npmjs.org/@emotion%2freact 11ms (cache hit)
405 silly packumentCache full:https://registry.npmjs.org/@emotion%2freact set size:196548 disposed:false
406 silly fetch manifest @emotion/styled@^11.3.0
407 silly packumentCache full:https://registry.npmjs.org/@emotion%2fstyled cache-miss
408 http cache https://registry.npmjs.org/@emotion%2fstyled 5ms (cache hit)
409 silly packumentCache full:https://registry.npmjs.org/@emotion%2fstyled set size:279403 disposed:false
410 silly placeDep ROOT @mui/core-downloads-tracker@7.0.2 OK for: @mui/material@7.0.2 want: ^7.0.2
411 silly placeDep ROOT @mui/system@7.0.2 OK for: @mui/material@7.0.2 want: ^7.0.2
412 silly placeDep ROOT @mui/types@7.4.1 OK for: @mui/material@7.0.2 want: ^7.4.1
413 silly placeDep ROOT @mui/utils@7.0.2 OK for: @mui/material@7.0.2 want: ^7.0.2
414 silly placeDep ROOT @popperjs/core@2.11.8 OK for: @mui/material@7.0.2 want: ^2.11.8
415 silly placeDep ROOT @types/react-transition-group@4.4.12 OK for: @mui/material@7.0.2 want: ^4.4.12
416 silly placeDep ROOT @types/react@19.1.1 OK for: @types/react-transition-group@4.4.12 want: *
417 silly placeDep ROOT clsx@2.1.1 OK for: @mui/material@7.0.2 want: ^2.1.1
418 silly placeDep ROOT prop-types@15.8.1 OK for: @mui/material@7.0.2 want: ^15.8.1
419 silly placeDep ROOT react-is@19.1.0 OK for: @mui/material@7.0.2 want: ^19.1.0
420 silly placeDep ROOT react-transition-group@4.4.5 OK for: @mui/material@7.0.2 want: ^4.4.5
421 silly fetch manifest @mui/styled-engine@^7.0.2
422 silly packumentCache full:https://registry.npmjs.org/@mui%2fstyled-engine cache-miss
423 silly fetch manifest @mui/private-theming@^7.0.2
424 silly packumentCache full:https://registry.npmjs.org/@mui%2fprivate-theming cache-miss
425 silly fetch manifest @types/prop-types@^15.7.14
426 silly packumentCache full:https://registry.npmjs.org/@types%2fprop-types cache-miss
427 silly fetch manifest object-assign@^4.1.1
428 silly packumentCache full:https://registry.npmjs.org/object-assign cache-miss
429 silly fetch manifest react-is@^16.13.1
430 silly packumentCache full:https://registry.npmjs.org/react-is cache-miss
431 silly fetch manifest dom-helpers@^5.0.1
432 silly packumentCache full:https://registry.npmjs.org/dom-helpers cache-miss
433 http cache https://registry.npmjs.org/react-is 30ms (cache hit)
434 silly packumentCache full:https://registry.npmjs.org/react-is set size:4562633 disposed:false
435 http fetch GET 200 https://registry.npmjs.org/object-assign 92ms (cache miss)
436 silly packumentCache full:https://registry.npmjs.org/object-assign set size:undefined disposed:false
437 http fetch GET 200 https://registry.npmjs.org/@types%2fprop-types 95ms (cache miss)
438 silly packumentCache full:https://registry.npmjs.org/@types%2fprop-types set size:undefined disposed:false
439 http fetch GET 200 https://registry.npmjs.org/dom-helpers 170ms (cache miss)
440 silly packumentCache full:https://registry.npmjs.org/dom-helpers set size:undefined disposed:false
441 http fetch GET 200 https://registry.npmjs.org/@mui%2fstyled-engine 345ms (cache miss)
442 silly packumentCache full:https://registry.npmjs.org/@mui%2fstyled-engine set size:undefined disposed:false
443 http fetch GET 200 https://registry.npmjs.org/@mui%2fprivate-theming 469ms (cache miss)
444 silly packumentCache full:https://registry.npmjs.org/@mui%2fprivate-theming set size:undefined disposed:false
445 silly placeDep ROOT @mui/private-theming@7.0.2 OK for: @mui/system@7.0.2 want: ^7.0.2
446 silly placeDep ROOT @mui/styled-engine@7.0.2 OK for: @mui/system@7.0.2 want: ^7.0.2
447 silly placeDep ROOT @types/prop-types@15.7.14 OK for: @mui/utils@7.0.2 want: ^15.7.14
448 silly placeDep ROOT cosmiconfig@7.1.0 OK for: babel-plugin-macros@3.1.0 want: ^7.0.0
449 silly placeDep ROOT resolve@1.22.10 OK for: babel-plugin-macros@3.1.0 want: ^1.19.0
450 silly fetch manifest @types/parse-json@^4.0.0
451 silly packumentCache full:https://registry.npmjs.org/@types%2fparse-json cache-miss
452 silly fetch manifest import-fresh@^3.2.1
453 silly packumentCache full:https://registry.npmjs.org/import-fresh cache-miss
454 silly fetch manifest parse-json@^5.0.0
455 silly packumentCache full:https://registry.npmjs.org/parse-json cache-miss
456 silly fetch manifest path-type@^4.0.0
457 silly packumentCache full:https://registry.npmjs.org/path-type cache-miss
458 silly fetch manifest yaml@^1.10.0
459 silly packumentCache full:https://registry.npmjs.org/yaml cache-miss
460 silly fetch manifest is-core-module@^2.16.0
461 silly packumentCache full:https://registry.npmjs.org/is-core-module cache-miss
462 silly fetch manifest path-parse@^1.0.7
463 silly packumentCache full:https://registry.npmjs.org/path-parse cache-miss
464 silly fetch manifest supports-preserve-symlinks-flag@^1.0.0
465 silly packumentCache full:https://registry.npmjs.org/supports-preserve-symlinks-flag cache-miss
466 http fetch GET 200 https://registry.npmjs.org/supports-preserve-symlinks-flag 77ms (cache miss)
467 silly packumentCache full:https://registry.npmjs.org/supports-preserve-symlinks-flag set size:undefined disposed:false
468 http fetch GET 200 https://registry.npmjs.org/is-core-module 91ms (cache miss)
469 silly packumentCache full:https://registry.npmjs.org/is-core-module set size:undefined disposed:false
470 http fetch GET 200 https://registry.npmjs.org/path-parse 91ms (cache miss)
471 silly packumentCache full:https://registry.npmjs.org/path-parse set size:undefined disposed:false
472 http fetch GET 200 https://registry.npmjs.org/yaml 137ms (cache miss)
473 silly packumentCache full:https://registry.npmjs.org/yaml set size:undefined disposed:false
474 http fetch GET 200 https://registry.npmjs.org/parse-json 162ms (cache miss)
475 silly packumentCache full:https://registry.npmjs.org/parse-json set size:undefined disposed:false
476 http fetch GET 200 https://registry.npmjs.org/import-fresh 164ms (cache miss)
477 silly packumentCache full:https://registry.npmjs.org/import-fresh set size:undefined disposed:false
478 http fetch GET 200 https://registry.npmjs.org/path-type 178ms (cache miss)
479 silly packumentCache full:https://registry.npmjs.org/path-type set size:undefined disposed:false
480 http fetch GET 200 https://registry.npmjs.org/@types%2fparse-json 276ms (cache miss)
481 silly packumentCache full:https://registry.npmjs.org/@types%2fparse-json set size:undefined disposed:false
482 silly placeDep ROOT @types/parse-json@4.0.2 OK for: cosmiconfig@7.1.0 want: ^4.0.0
483 silly placeDep ROOT import-fresh@3.3.1 OK for: cosmiconfig@7.1.0 want: ^3.2.1
484 silly placeDep ROOT parse-json@5.2.0 OK for: cosmiconfig@7.1.0 want: ^5.0.0
485 silly placeDep ROOT path-type@4.0.0 OK for: cosmiconfig@7.1.0 want: ^4.0.0
486 silly placeDep ROOT yaml@1.10.2 OK for: cosmiconfig@7.1.0 want: ^1.10.0
487 silly fetch manifest parent-module@^1.0.0
488 silly packumentCache full:https://registry.npmjs.org/parent-module cache-miss
489 silly fetch manifest resolve-from@^4.0.0
490 silly packumentCache full:https://registry.npmjs.org/resolve-from cache-miss
491 silly fetch manifest error-ex@^1.3.1
492 silly packumentCache full:https://registry.npmjs.org/error-ex cache-miss
493 silly fetch manifest lines-and-columns@^1.1.6
494 silly packumentCache full:https://registry.npmjs.org/lines-and-columns cache-miss
495 silly fetch manifest json-parse-even-better-errors@^2.3.0
496 silly packumentCache full:https://registry.npmjs.org/json-parse-even-better-errors cache-miss
497 http fetch GET 200 https://registry.npmjs.org/lines-and-columns 86ms (cache miss)
498 silly packumentCache full:https://registry.npmjs.org/lines-and-columns set size:undefined disposed:false
499 http fetch GET 200 https://registry.npmjs.org/resolve-from 91ms (cache miss)
500 silly packumentCache full:https://registry.npmjs.org/resolve-from set size:undefined disposed:false
501 http fetch GET 200 https://registry.npmjs.org/error-ex 134ms (cache miss)
502 silly packumentCache full:https://registry.npmjs.org/error-ex set size:undefined disposed:false
503 http fetch GET 200 https://registry.npmjs.org/json-parse-even-better-errors 140ms (cache miss)
504 silly packumentCache full:https://registry.npmjs.org/json-parse-even-better-errors set size:undefined disposed:false
505 http fetch GET 200 https://registry.npmjs.org/parent-module 177ms (cache miss)
506 silly packumentCache full:https://registry.npmjs.org/parent-module set size:undefined disposed:false
507 silly placeDep ROOT ms@2.1.3 OK for: debug@4.4.0 want: ^2.1.3
508 silly placeDep node_modules/hoist-non-react-statics react-is@16.13.1 OK for: hoist-non-react-statics@3.3.2 want: ^16.7.0
509 silly placeDep ROOT parent-module@1.0.1 OK for: import-fresh@3.3.1 want: ^1.0.0
510 silly placeDep ROOT resolve-from@4.0.0 OK for: import-fresh@3.3.1 want: ^4.0.0
511 silly fetch manifest callsites@^3.0.0
512 silly packumentCache full:https://registry.npmjs.org/callsites cache-miss
513 http fetch GET 200 https://registry.npmjs.org/callsites 297ms (cache miss)
514 silly packumentCache full:https://registry.npmjs.org/callsites set size:undefined disposed:false
515 silly placeDep ROOT callsites@3.1.0 OK for: parent-module@1.0.1 want: ^3.0.0
516 silly placeDep ROOT error-ex@1.3.2 OK for: parse-json@5.2.0 want: ^1.3.1
517 silly placeDep ROOT json-parse-even-better-errors@2.3.1 OK for: parse-json@5.2.0 want: ^2.3.0
518 silly placeDep ROOT lines-and-columns@1.2.4 OK for: parse-json@5.2.0 want: ^1.1.6
519 silly fetch manifest is-arrayish@^0.2.1
520 silly packumentCache full:https://registry.npmjs.org/is-arrayish cache-miss
521 http fetch GET 200 https://registry.npmjs.org/is-arrayish 94ms (cache miss)
522 silly packumentCache full:https://registry.npmjs.org/is-arrayish set size:undefined disposed:false
523 silly placeDep ROOT is-arrayish@0.2.1 OK for: error-ex@1.3.2 want: ^0.2.1
524 silly placeDep ROOT object-assign@4.1.1 OK for: prop-types@15.8.1 want: ^4.1.1
525 silly placeDep node_modules/prop-types react-is@16.13.1 OK for: prop-types@15.8.1 want: ^16.13.1
526 silly placeDep ROOT dom-helpers@5.2.1 OK for: react-transition-group@4.4.5 want: ^5.0.1
527 silly placeDep ROOT is-core-module@2.16.1 OK for: resolve@1.22.10 want: ^2.16.0
528 silly placeDep ROOT path-parse@1.0.7 OK for: resolve@1.22.10 want: ^1.0.7
529 silly placeDep ROOT supports-preserve-symlinks-flag@1.0.0 OK for: resolve@1.22.10 want: ^1.0.0
530 silly reify moves {}
531 silly audit bulk request {
531 silly audit   '@types/cookie': [ '0.6.0' ],
531 silly audit   asynckit: [ '0.4.0' ],
531 silly audit   axios: [ '1.8.4' ],
531 silly audit   'form-data': [ '4.0.2' ],
531 silly audit   'call-bind-apply-helpers': [ '1.0.2' ],
531 silly audit   'combined-stream': [ '1.0.8' ],
531 silly audit   'delayed-stream': [ '1.0.0' ],
531 silly audit   'dunder-proto': [ '1.0.1' ],
531 silly audit   'es-define-property': [ '1.0.1' ],
531 silly audit   'es-errors': [ '1.3.0' ],
531 silly audit   'es-object-atoms': [ '1.1.1' ],
531 silly audit   'es-set-tostringtag': [ '2.1.0' ],
531 silly audit   'follow-redirects': [ '1.15.9' ],
531 silly audit   'function-bind': [ '1.1.2' ],
531 silly audit   'get-intrinsic': [ '1.3.0' ],
531 silly audit   'get-proto': [ '1.0.1' ],
531 silly audit   gopd: [ '1.2.0' ],
531 silly audit   'has-symbols': [ '1.1.0' ],
531 silly audit   'has-tostringtag': [ '1.0.2' ],
531 silly audit   hasown: [ '2.0.2' ],
531 silly audit   'js-tokens': [ '4.0.0' ],
531 silly audit   'loose-envify': [ '1.4.0' ],
531 silly audit   'math-intrinsics': [ '1.1.0' ],
531 silly audit   'mime-db': [ '1.52.0' ],
531 silly audit   'mime-types': [ '2.1.35' ],
531 silly audit   'proxy-from-env': [ '1.1.0' ],
531 silly audit   react: [ '18.3.1' ],
531 silly audit   'react-dom': [ '18.3.1' ],
531 silly audit   'react-router': [ '7.5.0' ],
531 silly audit   'react-router-dom': [ '7.5.0' ],
531 silly audit   cookie: [ '1.0.2' ],
531 silly audit   scheduler: [ '0.23.2' ],
531 silly audit   'set-cookie-parser': [ '2.7.1' ],
531 silly audit   'turbo-stream': [ '2.4.0' ],
531 silly audit   '@emotion/react': [ '11.14.0' ],
531 silly audit   '@emotion/styled': [ '11.14.0' ],
531 silly audit   '@mui/icons-material': [ '7.0.2' ],
531 silly audit   '@mui/material': [ '7.0.2' ],
531 silly audit   '@babel/runtime': [ '7.27.0' ],
531 silly audit   '@emotion/babel-plugin': [ '11.13.5' ],
531 silly audit   '@emotion/cache': [ '11.14.0' ],
531 silly audit   '@emotion/serialize': [ '1.3.3' ],
531 silly audit   '@emotion/use-insertion-effect-with-fallbacks': [ '1.2.0' ],
531 silly audit   '@emotion/utils': [ '1.4.2' ],
531 silly audit   '@emotion/weak-memoize': [ '0.4.0' ],
531 silly audit   'hoist-non-react-statics': [ '3.3.2' ],
531 silly audit   'regenerator-runtime': [ '0.14.1' ],
531 silly audit   '@babel/helper-module-imports': [ '7.25.9' ],
531 silly audit   '@emotion/hash': [ '0.9.2' ],
531 silly audit   '@emotion/memoize': [ '0.9.0' ],
531 silly audit   'babel-plugin-macros': [ '3.1.0' ],
531 silly audit   'convert-source-map': [ '1.9.0' ],
531 silly audit   'escape-string-regexp': [ '4.0.0' ],
531 silly audit   'find-root': [ '1.1.0' ],
531 silly audit   'source-map': [ '0.5.7' ],
531 silly audit   stylis: [ '4.2.0' ],
531 silly audit   '@babel/traverse': [ '7.27.0' ],
531 silly audit   '@babel/types': [ '7.27.0' ],
531 silly audit   '@babel/code-frame': [ '7.26.2' ],
531 silly audit   '@babel/generator': [ '7.27.0' ],
531 silly audit   '@babel/parser': [ '7.27.0' ],
531 silly audit   '@babel/template': [ '7.27.0' ],
531 silly audit   debug: [ '4.4.0' ],
531 silly audit   globals: [ '11.12.0' ],
531 silly audit   '@babel/helper-validator-identifier': [ '7.25.9' ],
531 silly audit   picocolors: [ '1.1.1' ],
531 silly audit   '@jridgewell/gen-mapping': [ '0.3.8' ],
531 silly audit   '@jridgewell/trace-mapping': [ '0.3.25' ],
531 silly audit   jsesc: [ '3.1.0' ],
531 silly audit   '@babel/helper-string-parser': [ '7.25.9' ],
531 silly audit   '@emotion/sheet': [ '1.4.0' ],
531 silly audit   '@emotion/unitless': [ '0.10.0' ],
531 silly audit   csstype: [ '3.1.3' ],
531 silly audit   '@emotion/is-prop-valid': [ '1.3.1' ],
531 silly audit   '@jridgewell/set-array': [ '1.2.1' ],
531 silly audit   '@jridgewell/sourcemap-codec': [ '1.5.0' ],
531 silly audit   '@jridgewell/resolve-uri': [ '3.1.2' ],
531 silly audit   '@mui/core-downloads-tracker': [ '7.0.2' ],
531 silly audit   '@mui/system': [ '7.0.2' ],
531 silly audit   '@mui/types': [ '7.4.1' ],
531 silly audit   '@mui/utils': [ '7.0.2' ],
531 silly audit   '@popperjs/core': [ '2.11.8' ],
531 silly audit   '@types/react-transition-group': [ '4.4.12' ],
531 silly audit   '@types/react': [ '19.1.1' ],
531 silly audit   clsx: [ '2.1.1' ],
531 silly audit   'prop-types': [ '15.8.1' ],
531 silly audit   'react-is': [ '19.1.0', '16.13.1' ],
531 silly audit   'react-transition-group': [ '4.4.5' ],
531 silly audit   '@mui/private-theming': [ '7.0.2' ],
531 silly audit   '@mui/styled-engine': [ '7.0.2' ],
531 silly audit   '@types/prop-types': [ '15.7.14' ],
531 silly audit   cosmiconfig: [ '7.1.0' ],
531 silly audit   resolve: [ '1.22.10' ],
531 silly audit   '@types/parse-json': [ '4.0.2' ],
531 silly audit   'import-fresh': [ '3.3.1' ],
531 silly audit   'parse-json': [ '5.2.0' ],
531 silly audit   'path-type': [ '4.0.0' ],
531 silly audit   yaml: [ '1.10.2' ],
531 silly audit   ms: [ '2.1.3' ],
531 silly audit   'parent-module': [ '1.0.1' ],
531 silly audit   'resolve-from': [ '4.0.0' ],
531 silly audit   callsites: [ '3.1.0' ],
531 silly audit   'error-ex': [ '1.3.2' ],
531 silly audit   'json-parse-even-better-errors': [ '2.3.1' ],
531 silly audit   'lines-and-columns': [ '1.2.4' ],
531 silly audit   'is-arrayish': [ '0.2.1' ],
531 silly audit   'object-assign': [ '4.1.1' ],
531 silly audit   'dom-helpers': [ '5.2.1' ],
531 silly audit   'is-core-module': [ '2.16.1' ],
531 silly audit   'path-parse': [ '1.0.7' ],
531 silly audit   'supports-preserve-symlinks-flag': [ '1.0.0' ]
531 silly audit }
532 http cache dom-helpers@https://registry.npmjs.org/dom-helpers/-/dom-helpers-5.2.1.tgz 0ms (cache hit)
533 http cache path-parse@https://registry.npmjs.org/path-parse/-/path-parse-1.0.7.tgz 0ms (cache hit)
534 http cache is-core-module@https://registry.npmjs.org/is-core-module/-/is-core-module-2.16.1.tgz 0ms (cache hit)
535 http cache supports-preserve-symlinks-flag@https://registry.npmjs.org/supports-preserve-symlinks-flag/-/supports-preserve-symlinks-flag-1.0.0.tgz 0ms (cache hit)
536 http cache is-arrayish@https://registry.npmjs.org/is-arrayish/-/is-arrayish-0.2.1.tgz 0ms (cache hit)
537 http cache json-parse-even-better-errors@https://registry.npmjs.org/json-parse-even-better-errors/-/json-parse-even-better-errors-2.3.1.tgz 0ms (cache hit)
538 http cache lines-and-columns@https://registry.npmjs.org/lines-and-columns/-/lines-and-columns-1.2.4.tgz 0ms (cache hit)
539 http cache object-assign@https://registry.npmjs.org/object-assign/-/object-assign-4.1.1.tgz 0ms (cache hit)
540 http cache callsites@https://registry.npmjs.org/callsites/-/callsites-3.1.0.tgz 0ms (cache hit)
541 http cache resolve-from@https://registry.npmjs.org/resolve-from/-/resolve-from-4.0.0.tgz 0ms (cache hit)
542 http cache parent-module@https://registry.npmjs.org/parent-module/-/parent-module-1.0.1.tgz 0ms (cache hit)
543 http cache error-ex@https://registry.npmjs.org/error-ex/-/error-ex-1.3.2.tgz 0ms (cache hit)
544 http cache yaml@https://registry.npmjs.org/yaml/-/yaml-1.10.2.tgz 0ms (cache hit)
545 http cache ms@https://registry.npmjs.org/ms/-/ms-2.1.3.tgz 0ms (cache hit)
546 http cache parse-json@https://registry.npmjs.org/parse-json/-/parse-json-5.2.0.tgz 0ms (cache hit)
547 http cache path-type@https://registry.npmjs.org/path-type/-/path-type-4.0.0.tgz 0ms (cache hit)
548 http cache import-fresh@https://registry.npmjs.org/import-fresh/-/import-fresh-3.3.1.tgz 0ms (cache hit)
549 http cache @types/parse-json@https://registry.npmjs.org/@types/parse-json/-/parse-json-4.0.2.tgz 0ms (cache hit)
550 http cache resolve@https://registry.npmjs.org/resolve/-/resolve-1.22.10.tgz 0ms (cache hit)
551 http cache cosmiconfig@https://registry.npmjs.org/cosmiconfig/-/cosmiconfig-7.1.0.tgz 0ms (cache hit)
552 http cache @types/prop-types@https://registry.npmjs.org/@types/prop-types/-/prop-types-15.7.14.tgz 0ms (cache hit)
553 http cache @mui/styled-engine@https://registry.npmjs.org/@mui/styled-engine/-/styled-engine-7.0.2.tgz 0ms (cache hit)
554 http cache react-transition-group@https://registry.npmjs.org/react-transition-group/-/react-transition-group-4.4.5.tgz 0ms (cache hit)
555 http cache @types/react@https://registry.npmjs.org/@types/react/-/react-19.1.1.tgz 0ms (cache hit)
556 http cache @mui/private-theming@https://registry.npmjs.org/@mui/private-theming/-/private-theming-7.0.2.tgz 0ms (cache hit)
557 http cache react-is@https://registry.npmjs.org/react-is/-/react-is-19.1.0.tgz 0ms (cache hit)
558 http cache clsx@https://registry.npmjs.org/clsx/-/clsx-2.1.1.tgz 0ms (cache hit)
559 http cache prop-types@https://registry.npmjs.org/prop-types/-/prop-types-15.8.1.tgz 0ms (cache hit)
560 http cache @mui/types@https://registry.npmjs.org/@mui/types/-/types-7.4.1.tgz 0ms (cache hit)
561 http cache @types/react-transition-group@https://registry.npmjs.org/@types/react-transition-group/-/react-transition-group-4.4.12.tgz 0ms (cache hit)
562 http cache @popperjs/core@https://registry.npmjs.org/@popperjs/core/-/core-2.11.8.tgz 0ms (cache hit)
563 http cache @jridgewell/resolve-uri@https://registry.npmjs.org/@jridgewell/resolve-uri/-/resolve-uri-3.1.2.tgz 0ms (cache hit)
564 http cache @jridgewell/sourcemap-codec@https://registry.npmjs.org/@jridgewell/sourcemap-codec/-/sourcemap-codec-1.5.0.tgz 0ms (cache hit)
565 http cache @emotion/is-prop-valid@https://registry.npmjs.org/@emotion/is-prop-valid/-/is-prop-valid-1.3.1.tgz 0ms (cache hit)
566 http cache @mui/core-downloads-tracker@https://registry.npmjs.org/@mui/core-downloads-tracker/-/core-downloads-tracker-7.0.2.tgz 0ms (cache hit)
567 http cache @jridgewell/set-array@https://registry.npmjs.org/@jridgewell/set-array/-/set-array-1.2.1.tgz 0ms (cache hit)
568 http cache csstype@https://registry.npmjs.org/csstype/-/csstype-3.1.3.tgz 0ms (cache hit)
569 http cache jsesc@https://registry.npmjs.org/jsesc/-/jsesc-3.1.0.tgz 0ms (cache hit)
570 http cache @babel/helper-string-parser@https://registry.npmjs.org/@babel/helper-string-parser/-/helper-string-parser-7.25.9.tgz 0ms (cache hit)
571 http cache @mui/utils@https://registry.npmjs.org/@mui/utils/-/utils-7.0.2.tgz 0ms (cache hit)
572 http cache @mui/system@https://registry.npmjs.org/@mui/system/-/system-7.0.2.tgz 0ms (cache hit)
573 http cache @jridgewell/trace-mapping@https://registry.npmjs.org/@jridgewell/trace-mapping/-/trace-mapping-0.3.25.tgz 0ms (cache hit)
574 http cache @jridgewell/gen-mapping@https://registry.npmjs.org/@jridgewell/gen-mapping/-/gen-mapping-0.3.8.tgz 0ms (cache hit)
575 http cache picocolors@https://registry.npmjs.org/picocolors/-/picocolors-1.1.1.tgz 0ms (cache hit)
576 http cache @babel/helper-validator-identifier@https://registry.npmjs.org/@babel/helper-validator-identifier/-/helper-validator-identifier-7.25.9.tgz 0ms (cache hit)
577 http cache globals@https://registry.npmjs.org/globals/-/globals-11.12.0.tgz 0ms (cache hit)
578 http cache @emotion/unitless@https://registry.npmjs.org/@emotion/unitless/-/unitless-0.10.0.tgz 0ms (cache hit)
579 http cache @emotion/sheet@https://registry.npmjs.org/@emotion/sheet/-/sheet-1.4.0.tgz 0ms (cache hit)
580 http cache @babel/parser@https://registry.npmjs.org/@babel/parser/-/parser-7.27.0.tgz 0ms (cache hit)
581 http cache @babel/generator@https://registry.npmjs.org/@babel/generator/-/generator-7.27.0.tgz 0ms (cache hit)
582 http cache stylis@https://registry.npmjs.org/stylis/-/stylis-4.2.0.tgz 0ms (cache hit)
583 http cache @babel/types@https://registry.npmjs.org/@babel/types/-/types-7.27.0.tgz 0ms (cache hit)
584 http cache source-map@https://registry.npmjs.org/source-map/-/source-map-0.5.7.tgz 0ms (cache hit)
585 http cache @babel/template@https://registry.npmjs.org/@babel/template/-/template-7.27.0.tgz 0ms (cache hit)
586 http cache @babel/code-frame@https://registry.npmjs.org/@babel/code-frame/-/code-frame-7.26.2.tgz 0ms (cache hit)
587 http cache @babel/traverse@https://registry.npmjs.org/@babel/traverse/-/traverse-7.27.0.tgz 0ms (cache hit)
588 http cache @emotion/memoize@https://registry.npmjs.org/@emotion/memoize/-/memoize-0.9.0.tgz 0ms (cache hit)
589 http cache find-root@https://registry.npmjs.org/find-root/-/find-root-1.1.0.tgz 0ms (cache hit)
590 http cache escape-string-regexp@https://registry.npmjs.org/escape-string-regexp/-/escape-string-regexp-4.0.0.tgz 0ms (cache hit)
591 http cache @babel/helper-module-imports@https://registry.npmjs.org/@babel/helper-module-imports/-/helper-module-imports-7.25.9.tgz 0ms (cache hit)
592 http cache debug@https://registry.npmjs.org/debug/-/debug-4.4.0.tgz 0ms (cache hit)
593 http cache babel-plugin-macros@https://registry.npmjs.org/babel-plugin-macros/-/babel-plugin-macros-3.1.0.tgz 0ms (cache hit)
594 http cache @emotion/hash@https://registry.npmjs.org/@emotion/hash/-/hash-0.9.2.tgz 0ms (cache hit)
595 http cache @emotion/weak-memoize@https://registry.npmjs.org/@emotion/weak-memoize/-/weak-memoize-0.4.0.tgz 0ms (cache hit)
596 http cache convert-source-map@https://registry.npmjs.org/convert-source-map/-/convert-source-map-1.9.0.tgz 0ms (cache hit)
597 http cache @emotion/utils@https://registry.npmjs.org/@emotion/utils/-/utils-1.4.2.tgz 0ms (cache hit)
598 http cache hoist-non-react-statics@https://registry.npmjs.org/hoist-non-react-statics/-/hoist-non-react-statics-3.3.2.tgz 0ms (cache hit)
599 http cache regenerator-runtime@https://registry.npmjs.org/regenerator-runtime/-/regenerator-runtime-0.14.1.tgz 0ms (cache hit)
600 http cache @emotion/use-insertion-effect-with-fallbacks@https://registry.npmjs.org/@emotion/use-insertion-effect-with-fallbacks/-/use-insertion-effect-with-fallbacks-1.2.0.tgz 0ms (cache hit)
601 http cache @emotion/cache@https://registry.npmjs.org/@emotion/cache/-/cache-11.14.0.tgz 0ms (cache hit)
602 http cache @babel/runtime@https://registry.npmjs.org/@babel/runtime/-/runtime-7.27.0.tgz 0ms (cache hit)
603 http cache @emotion/babel-plugin@https://registry.npmjs.org/@emotion/babel-plugin/-/babel-plugin-11.13.5.tgz 0ms (cache hit)
604 http cache @mui/material@https://registry.npmjs.org/@mui/material/-/material-7.0.2.tgz 0ms (cache hit)
605 http cache react-is@https://registry.npmjs.org/react-is/-/react-is-16.13.1.tgz 0ms (cache hit)
606 http cache @mui/icons-material@https://registry.npmjs.org/@mui/icons-material/-/icons-material-7.0.2.tgz 0ms (cache hit)
607 http cache @emotion/serialize@https://registry.npmjs.org/@emotion/serialize/-/serialize-1.3.3.tgz 0ms (cache hit)
608 http cache react-is@https://registry.npmjs.org/react-is/-/react-is-16.13.1.tgz 0ms (cache hit)
609 silly tarball no local data for dom-helpers@https://registry.npmjs.org/dom-helpers/-/dom-helpers-5.2.1.tgz. Extracting by manifest.
610 silly tarball no local data for path-parse@https://registry.npmjs.org/path-parse/-/path-parse-1.0.7.tgz. Extracting by manifest.
611 silly tarball no local data for is-core-module@https://registry.npmjs.org/is-core-module/-/is-core-module-2.16.1.tgz. Extracting by manifest.
612 silly tarball no local data for supports-preserve-symlinks-flag@https://registry.npmjs.org/supports-preserve-symlinks-flag/-/supports-preserve-symlinks-flag-1.0.0.tgz. Extracting by manifest.
613 http cache @emotion/react@https://registry.npmjs.org/@emotion/react/-/react-11.14.0.tgz 0ms (cache hit)
614 silly tarball no local data for is-arrayish@https://registry.npmjs.org/is-arrayish/-/is-arrayish-0.2.1.tgz. Extracting by manifest.
615 http cache @emotion/styled@https://registry.npmjs.org/@emotion/styled/-/styled-11.14.0.tgz 0ms (cache hit)
616 silly tarball no local data for json-parse-even-better-errors@https://registry.npmjs.org/json-parse-even-better-errors/-/json-parse-even-better-errors-2.3.1.tgz. Extracting by manifest.
617 silly tarball no local data for lines-and-columns@https://registry.npmjs.org/lines-and-columns/-/lines-and-columns-1.2.4.tgz. Extracting by manifest.
618 silly tarball no local data for object-assign@https://registry.npmjs.org/object-assign/-/object-assign-4.1.1.tgz. Extracting by manifest.
619 silly tarball no local data for callsites@https://registry.npmjs.org/callsites/-/callsites-3.1.0.tgz. Extracting by manifest.
620 silly tarball no local data for resolve-from@https://registry.npmjs.org/resolve-from/-/resolve-from-4.0.0.tgz. Extracting by manifest.
621 silly tarball no local data for parent-module@https://registry.npmjs.org/parent-module/-/parent-module-1.0.1.tgz. Extracting by manifest.
622 silly tarball no local data for error-ex@https://registry.npmjs.org/error-ex/-/error-ex-1.3.2.tgz. Extracting by manifest.
623 silly tarball no local data for yaml@https://registry.npmjs.org/yaml/-/yaml-1.10.2.tgz. Extracting by manifest.
624 silly tarball no local data for ms@https://registry.npmjs.org/ms/-/ms-2.1.3.tgz. Extracting by manifest.
625 silly tarball no local data for parse-json@https://registry.npmjs.org/parse-json/-/parse-json-5.2.0.tgz. Extracting by manifest.
626 silly tarball no local data for path-type@https://registry.npmjs.org/path-type/-/path-type-4.0.0.tgz. Extracting by manifest.
627 silly tarball no local data for import-fresh@https://registry.npmjs.org/import-fresh/-/import-fresh-3.3.1.tgz. Extracting by manifest.
628 silly tarball no local data for @types/parse-json@https://registry.npmjs.org/@types/parse-json/-/parse-json-4.0.2.tgz. Extracting by manifest.
629 silly tarball no local data for resolve@https://registry.npmjs.org/resolve/-/resolve-1.22.10.tgz. Extracting by manifest.
630 silly tarball no local data for cosmiconfig@https://registry.npmjs.org/cosmiconfig/-/cosmiconfig-7.1.0.tgz. Extracting by manifest.
631 silly tarball no local data for @types/prop-types@https://registry.npmjs.org/@types/prop-types/-/prop-types-15.7.14.tgz. Extracting by manifest.
632 silly tarball no local data for @mui/styled-engine@https://registry.npmjs.org/@mui/styled-engine/-/styled-engine-7.0.2.tgz. Extracting by manifest.
633 silly tarball no local data for react-transition-group@https://registry.npmjs.org/react-transition-group/-/react-transition-group-4.4.5.tgz. Extracting by manifest.
634 silly tarball no local data for @types/react@https://registry.npmjs.org/@types/react/-/react-19.1.1.tgz. Extracting by manifest.
635 silly tarball no local data for @mui/private-theming@https://registry.npmjs.org/@mui/private-theming/-/private-theming-7.0.2.tgz. Extracting by manifest.
636 silly tarball no local data for react-is@https://registry.npmjs.org/react-is/-/react-is-19.1.0.tgz. Extracting by manifest.
637 silly tarball no local data for clsx@https://registry.npmjs.org/clsx/-/clsx-2.1.1.tgz. Extracting by manifest.
638 silly tarball no local data for prop-types@https://registry.npmjs.org/prop-types/-/prop-types-15.8.1.tgz. Extracting by manifest.
639 silly tarball no local data for @mui/types@https://registry.npmjs.org/@mui/types/-/types-7.4.1.tgz. Extracting by manifest.
640 silly tarball no local data for @types/react-transition-group@https://registry.npmjs.org/@types/react-transition-group/-/react-transition-group-4.4.12.tgz. Extracting by manifest.
641 silly tarball no local data for @popperjs/core@https://registry.npmjs.org/@popperjs/core/-/core-2.11.8.tgz. Extracting by manifest.
642 silly tarball no local data for @jridgewell/resolve-uri@https://registry.npmjs.org/@jridgewell/resolve-uri/-/resolve-uri-3.1.2.tgz. Extracting by manifest.
643 silly tarball no local data for @jridgewell/sourcemap-codec@https://registry.npmjs.org/@jridgewell/sourcemap-codec/-/sourcemap-codec-1.5.0.tgz. Extracting by manifest.
644 silly tarball no local data for @emotion/is-prop-valid@https://registry.npmjs.org/@emotion/is-prop-valid/-/is-prop-valid-1.3.1.tgz. Extracting by manifest.
645 silly tarball no local data for @mui/core-downloads-tracker@https://registry.npmjs.org/@mui/core-downloads-tracker/-/core-downloads-tracker-7.0.2.tgz. Extracting by manifest.
646 silly tarball no local data for @jridgewell/set-array@https://registry.npmjs.org/@jridgewell/set-array/-/set-array-1.2.1.tgz. Extracting by manifest.
647 silly tarball no local data for csstype@https://registry.npmjs.org/csstype/-/csstype-3.1.3.tgz. Extracting by manifest.
648 silly tarball no local data for jsesc@https://registry.npmjs.org/jsesc/-/jsesc-3.1.0.tgz. Extracting by manifest.
649 silly tarball no local data for @babel/helper-string-parser@https://registry.npmjs.org/@babel/helper-string-parser/-/helper-string-parser-7.25.9.tgz. Extracting by manifest.
650 silly tarball no local data for @mui/utils@https://registry.npmjs.org/@mui/utils/-/utils-7.0.2.tgz. Extracting by manifest.
651 silly tarball no local data for @mui/system@https://registry.npmjs.org/@mui/system/-/system-7.0.2.tgz. Extracting by manifest.
652 silly tarball no local data for @jridgewell/trace-mapping@https://registry.npmjs.org/@jridgewell/trace-mapping/-/trace-mapping-0.3.25.tgz. Extracting by manifest.
653 silly tarball no local data for @jridgewell/gen-mapping@https://registry.npmjs.org/@jridgewell/gen-mapping/-/gen-mapping-0.3.8.tgz. Extracting by manifest.
654 silly tarball no local data for picocolors@https://registry.npmjs.org/picocolors/-/picocolors-1.1.1.tgz. Extracting by manifest.
655 silly tarball no local data for @babel/helper-validator-identifier@https://registry.npmjs.org/@babel/helper-validator-identifier/-/helper-validator-identifier-7.25.9.tgz. Extracting by manifest.
656 silly tarball no local data for globals@https://registry.npmjs.org/globals/-/globals-11.12.0.tgz. Extracting by manifest.
657 silly tarball no local data for @emotion/unitless@https://registry.npmjs.org/@emotion/unitless/-/unitless-0.10.0.tgz. Extracting by manifest.
658 silly tarball no local data for @emotion/sheet@https://registry.npmjs.org/@emotion/sheet/-/sheet-1.4.0.tgz. Extracting by manifest.
659 silly tarball no local data for @babel/parser@https://registry.npmjs.org/@babel/parser/-/parser-7.27.0.tgz. Extracting by manifest.
660 silly tarball no local data for @babel/generator@https://registry.npmjs.org/@babel/generator/-/generator-7.27.0.tgz. Extracting by manifest.
661 silly tarball no local data for stylis@https://registry.npmjs.org/stylis/-/stylis-4.2.0.tgz. Extracting by manifest.
662 silly tarball no local data for @babel/types@https://registry.npmjs.org/@babel/types/-/types-7.27.0.tgz. Extracting by manifest.
663 silly tarball no local data for source-map@https://registry.npmjs.org/source-map/-/source-map-0.5.7.tgz. Extracting by manifest.
664 silly tarball no local data for @babel/template@https://registry.npmjs.org/@babel/template/-/template-7.27.0.tgz. Extracting by manifest.
665 silly tarball no local data for @babel/code-frame@https://registry.npmjs.org/@babel/code-frame/-/code-frame-7.26.2.tgz. Extracting by manifest.
666 silly tarball no local data for @babel/traverse@https://registry.npmjs.org/@babel/traverse/-/traverse-7.27.0.tgz. Extracting by manifest.
667 silly tarball no local data for @emotion/memoize@https://registry.npmjs.org/@emotion/memoize/-/memoize-0.9.0.tgz. Extracting by manifest.
668 silly tarball no local data for find-root@https://registry.npmjs.org/find-root/-/find-root-1.1.0.tgz. Extracting by manifest.
669 silly tarball no local data for escape-string-regexp@https://registry.npmjs.org/escape-string-regexp/-/escape-string-regexp-4.0.0.tgz. Extracting by manifest.
670 silly tarball no local data for @babel/helper-module-imports@https://registry.npmjs.org/@babel/helper-module-imports/-/helper-module-imports-7.25.9.tgz. Extracting by manifest.
671 silly tarball no local data for debug@https://registry.npmjs.org/debug/-/debug-4.4.0.tgz. Extracting by manifest.
672 silly tarball no local data for babel-plugin-macros@https://registry.npmjs.org/babel-plugin-macros/-/babel-plugin-macros-3.1.0.tgz. Extracting by manifest.
673 silly tarball no local data for @emotion/hash@https://registry.npmjs.org/@emotion/hash/-/hash-0.9.2.tgz. Extracting by manifest.
674 silly tarball no local data for @emotion/weak-memoize@https://registry.npmjs.org/@emotion/weak-memoize/-/weak-memoize-0.4.0.tgz. Extracting by manifest.
675 silly tarball no local data for convert-source-map@https://registry.npmjs.org/convert-source-map/-/convert-source-map-1.9.0.tgz. Extracting by manifest.
676 silly tarball no local data for @emotion/utils@https://registry.npmjs.org/@emotion/utils/-/utils-1.4.2.tgz. Extracting by manifest.
677 silly tarball no local data for hoist-non-react-statics@https://registry.npmjs.org/hoist-non-react-statics/-/hoist-non-react-statics-3.3.2.tgz. Extracting by manifest.
678 silly tarball no local data for regenerator-runtime@https://registry.npmjs.org/regenerator-runtime/-/regenerator-runtime-0.14.1.tgz. Extracting by manifest.
679 silly tarball no local data for @emotion/use-insertion-effect-with-fallbacks@https://registry.npmjs.org/@emotion/use-insertion-effect-with-fallbacks/-/use-insertion-effect-with-fallbacks-1.2.0.tgz. Extracting by manifest.
680 silly tarball no local data for @emotion/cache@https://registry.npmjs.org/@emotion/cache/-/cache-11.14.0.tgz. Extracting by manifest.
681 silly tarball no local data for @babel/runtime@https://registry.npmjs.org/@babel/runtime/-/runtime-7.27.0.tgz. Extracting by manifest.
682 silly tarball no local data for @emotion/babel-plugin@https://registry.npmjs.org/@emotion/babel-plugin/-/babel-plugin-11.13.5.tgz. Extracting by manifest.
683 silly tarball no local data for @mui/material@https://registry.npmjs.org/@mui/material/-/material-7.0.2.tgz. Extracting by manifest.
684 silly tarball no local data for react-is@https://registry.npmjs.org/react-is/-/react-is-16.13.1.tgz. Extracting by manifest.
685 silly tarball no local data for @mui/icons-material@https://registry.npmjs.org/@mui/icons-material/-/icons-material-7.0.2.tgz. Extracting by manifest.
686 silly tarball no local data for @emotion/serialize@https://registry.npmjs.org/@emotion/serialize/-/serialize-1.3.3.tgz. Extracting by manifest.
687 silly tarball no local data for react-is@https://registry.npmjs.org/react-is/-/react-is-16.13.1.tgz. Extracting by manifest.
688 silly tarball no local data for @emotion/react@https://registry.npmjs.org/@emotion/react/-/react-11.14.0.tgz. Extracting by manifest.
689 silly tarball no local data for @emotion/styled@https://registry.npmjs.org/@emotion/styled/-/styled-11.14.0.tgz. Extracting by manifest.
690 http fetch GET 200 https://registry.npmjs.org/is-core-module/-/is-core-module-2.16.1.tgz 164ms (cache miss)
691 http fetch GET 200 https://registry.npmjs.org/lines-and-columns/-/lines-and-columns-1.2.4.tgz 165ms (cache miss)
692 http fetch GET 200 https://registry.npmjs.org/is-arrayish/-/is-arrayish-0.2.1.tgz 166ms (cache miss)
693 http fetch GET 200 https://registry.npmjs.org/json-parse-even-better-errors/-/json-parse-even-better-errors-2.3.1.tgz 166ms (cache miss)
694 http fetch GET 200 https://registry.npmjs.org/path-parse/-/path-parse-1.0.7.tgz 170ms (cache miss)
695 http fetch GET 200 https://registry.npmjs.org/supports-preserve-symlinks-flag/-/supports-preserve-symlinks-flag-1.0.0.tgz 172ms (cache miss)
696 http fetch GET 200 https://registry.npmjs.org/parse-json/-/parse-json-5.2.0.tgz 225ms (cache miss)
697 http fetch GET 200 https://registry.npmjs.org/path-type/-/path-type-4.0.0.tgz 231ms (cache miss)
698 http fetch GET 200 https://registry.npmjs.org/import-fresh/-/import-fresh-3.3.1.tgz 238ms (cache miss)
699 http fetch GET 200 https://registry.npmjs.org/object-assign/-/object-assign-4.1.1.tgz 263ms (cache miss)
700 http fetch GET 200 https://registry.npmjs.org/resolve-from/-/resolve-from-4.0.0.tgz 315ms (cache miss)
701 http fetch GET 200 https://registry.npmjs.org/callsites/-/callsites-3.1.0.tgz 319ms (cache miss)
702 http fetch GET 200 https://registry.npmjs.org/@types/parse-json/-/parse-json-4.0.2.tgz 326ms (cache miss)
703 http fetch GET 200 https://registry.npmjs.org/parent-module/-/parent-module-1.0.1.tgz 330ms (cache miss)
704 http fetch GET 200 https://registry.npmjs.org/ms/-/ms-2.1.3.tgz 330ms (cache miss)
705 http fetch GET 200 https://registry.npmjs.org/error-ex/-/error-ex-1.3.2.tgz 331ms (cache miss)
706 http fetch GET 200 https://registry.npmjs.org/@types/prop-types/-/prop-types-15.7.14.tgz 330ms (cache miss)
707 http fetch GET 200 https://registry.npmjs.org/cosmiconfig/-/cosmiconfig-7.1.0.tgz 340ms (cache miss)
708 http fetch GET 200 https://registry.npmjs.org/react-is/-/react-is-19.1.0.tgz 378ms (cache miss)
709 http fetch GET 200 https://registry.npmjs.org/@mui/styled-engine/-/styled-engine-7.0.2.tgz 383ms (cache miss)
710 http fetch GET 200 https://registry.npmjs.org/@mui/private-theming/-/private-theming-7.0.2.tgz 428ms (cache miss)
711 http fetch GET 200 https://registry.npmjs.org/clsx/-/clsx-2.1.1.tgz 431ms (cache miss)
712 http fetch GET 200 https://registry.npmjs.org/@types/react/-/react-19.1.1.tgz 440ms (cache miss)
713 http fetch GET 200 https://registry.npmjs.org/react-transition-group/-/react-transition-group-4.4.5.tgz 445ms (cache miss)
714 http fetch GET 200 https://registry.npmjs.org/prop-types/-/prop-types-15.8.1.tgz 447ms (cache miss)
715 http fetch GET 200 https://registry.npmjs.org/yaml/-/yaml-1.10.2.tgz 487ms (cache miss)
716 http fetch GET 200 https://registry.npmjs.org/@types/react-transition-group/-/react-transition-group-4.4.12.tgz 501ms (cache miss)
717 http fetch GET 200 https://registry.npmjs.org/@jridgewell/resolve-uri/-/resolve-uri-3.1.2.tgz 503ms (cache miss)
718 http fetch GET 200 https://registry.npmjs.org/resolve/-/resolve-1.22.10.tgz 538ms (cache miss)
719 http fetch GET 200 https://registry.npmjs.org/jsesc/-/jsesc-3.1.0.tgz 554ms (cache miss)
720 http fetch GET 200 https://registry.npmjs.org/@emotion/is-prop-valid/-/is-prop-valid-1.3.1.tgz 678ms (cache miss)
721 http fetch GET 200 https://registry.npmjs.org/@jridgewell/set-array/-/set-array-1.2.1.tgz 704ms (cache miss)
722 http fetch GET 200 https://registry.npmjs.org/@mui/core-downloads-tracker/-/core-downloads-tracker-7.0.2.tgz 709ms (cache miss)
723 http fetch GET 200 https://registry.npmjs.org/@mui/types/-/types-7.4.1.tgz 712ms (cache miss)
724 http fetch GET 200 https://registry.npmjs.org/@babel/helper-string-parser/-/helper-string-parser-7.25.9.tgz 722ms (cache miss)
725 http fetch GET 200 https://registry.npmjs.org/picocolors/-/picocolors-1.1.1.tgz 753ms (cache miss)
726 http fetch GET 200 https://registry.npmjs.org/globals/-/globals-11.12.0.tgz 766ms (cache miss)
727 http fetch GET 200 https://registry.npmjs.org/csstype/-/csstype-3.1.3.tgz 775ms (cache miss)
728 http fetch GET 200 https://registry.npmjs.org/@jridgewell/sourcemap-codec/-/sourcemap-codec-1.5.0.tgz 800ms (cache miss)
729 http fetch GET 200 https://registry.npmjs.org/@jridgewell/gen-mapping/-/gen-mapping-0.3.8.tgz 928ms (cache miss)
730 http fetch GET 200 https://registry.npmjs.org/@emotion/unitless/-/unitless-0.10.0.tgz 933ms (cache miss)
731 http fetch GET 200 https://registry.npmjs.org/@babel/helper-validator-identifier/-/helper-validator-identifier-7.25.9.tgz 934ms (cache miss)
732 http fetch GET 200 https://registry.npmjs.org/@jridgewell/trace-mapping/-/trace-mapping-0.3.25.tgz 939ms (cache miss)
733 http fetch GET 200 https://registry.npmjs.org/@emotion/sheet/-/sheet-1.4.0.tgz 975ms (cache miss)
734 http fetch POST 200 https://registry.npmjs.org/-/npm/v1/security/advisories/bulk 1036ms
735 silly audit report {}
736 http fetch GET 200 https://registry.npmjs.org/@babel/template/-/template-7.27.0.tgz 993ms (cache miss)
737 http fetch GET 200 https://registry.npmjs.org/find-root/-/find-root-1.1.0.tgz 997ms (cache miss)
738 http fetch GET 200 https://registry.npmjs.org/@babel/code-frame/-/code-frame-7.26.2.tgz 1045ms (cache miss)
739 http fetch GET 200 https://registry.npmjs.org/@emotion/memoize/-/memoize-0.9.0.tgz 1056ms (cache miss)
740 http fetch GET 200 https://registry.npmjs.org/escape-string-regexp/-/escape-string-regexp-4.0.0.tgz 1077ms (cache miss)
741 http fetch GET 200 https://registry.npmjs.org/stylis/-/stylis-4.2.0.tgz 1082ms (cache miss)
742 http fetch GET 200 https://registry.npmjs.org/babel-plugin-macros/-/babel-plugin-macros-3.1.0.tgz 1145ms (cache miss)
743 http fetch GET 200 https://registry.npmjs.org/hoist-non-react-statics/-/hoist-non-react-statics-3.3.2.tgz 1185ms (cache miss)
744 http fetch GET 200 https://registry.npmjs.org/convert-source-map/-/convert-source-map-1.9.0.tgz 1190ms (cache miss)
745 http fetch GET 200 https://registry.npmjs.org/@babel/helper-module-imports/-/helper-module-imports-7.25.9.tgz 1202ms (cache miss)
746 http fetch GET 200 https://registry.npmjs.org/debug/-/debug-4.4.0.tgz 1217ms (cache miss)
747 http fetch GET 200 https://registry.npmjs.org/regenerator-runtime/-/regenerator-runtime-0.14.1.tgz 1219ms (cache miss)
748 http fetch GET 200 https://registry.npmjs.org/source-map/-/source-map-0.5.7.tgz 1226ms (cache miss)
749 http fetch GET 200 https://registry.npmjs.org/@emotion/hash/-/hash-0.9.2.tgz 1244ms (cache miss)
750 http fetch GET 200 https://registry.npmjs.org/react-is/-/react-is-16.13.1.tgz 1265ms (cache miss)
751 http fetch GET 200 https://registry.npmjs.org/react-is/-/react-is-16.13.1.tgz 1268ms (cache miss)
752 http fetch GET 200 https://registry.npmjs.org/@emotion/use-insertion-effect-with-fallbacks/-/use-insertion-effect-with-fallbacks-1.2.0.tgz 1273ms (cache miss)
753 http fetch GET 200 https://registry.npmjs.org/@emotion/weak-memoize/-/weak-memoize-0.4.0.tgz 1288ms (cache miss)
754 http fetch GET 200 https://registry.npmjs.org/@babel/parser/-/parser-7.27.0.tgz 1321ms (cache miss)
755 http fetch GET 200 https://registry.npmjs.org/@emotion/serialize/-/serialize-1.3.3.tgz 1351ms (cache miss)
756 http fetch GET 200 https://registry.npmjs.org/@emotion/utils/-/utils-1.4.2.tgz 1358ms (cache miss)
757 http fetch GET 200 https://registry.npmjs.org/@babel/generator/-/generator-7.27.0.tgz 1374ms (cache miss)
758 http fetch GET 200 https://registry.npmjs.org/@emotion/babel-plugin/-/babel-plugin-11.13.5.tgz 1415ms (cache miss)
759 http fetch GET 200 https://registry.npmjs.org/dom-helpers/-/dom-helpers-5.2.1.tgz 1490ms (cache miss)
760 http fetch GET 200 https://registry.npmjs.org/@emotion/cache/-/cache-11.14.0.tgz 1468ms (cache miss)
761 http fetch GET 200 https://registry.npmjs.org/@babel/traverse/-/traverse-7.27.0.tgz 1525ms (cache miss)
762 http fetch GET 200 https://registry.npmjs.org/@emotion/styled/-/styled-11.14.0.tgz 1634ms (cache miss)
763 http fetch GET 200 https://registry.npmjs.org/@emotion/react/-/react-11.14.0.tgz 1755ms (cache miss)
764 http fetch GET 200 https://registry.npmjs.org/@babel/types/-/types-7.27.0.tgz 1813ms (cache miss)
765 http fetch GET 200 https://registry.npmjs.org/@babel/runtime/-/runtime-7.27.0.tgz 1856ms (cache miss)
766 http fetch GET 200 https://registry.npmjs.org/@popperjs/core/-/core-2.11.8.tgz 1927ms (cache miss)
767 http fetch GET 200 https://registry.npmjs.org/@mui/utils/-/utils-7.0.2.tgz 2263ms (cache miss)
768 http fetch GET 200 https://registry.npmjs.org/@mui/system/-/system-7.0.2.tgz 2324ms (cache miss)
769 http fetch GET 200 https://registry.npmjs.org/@mui/material/-/material-7.0.2.tgz 6044ms (cache miss)
770 http fetch GET 200 https://registry.npmjs.org/@mui/icons-material/-/icons-material-7.0.2.tgz 38822ms (cache miss)
771 silly ADD node_modules/supports-preserve-symlinks-flag
772 silly ADD node_modules/path-parse
773 silly ADD node_modules/is-core-module
774 silly ADD node_modules/dom-helpers
775 silly ADD node_modules/object-assign
776 silly ADD node_modules/is-arrayish
777 silly ADD node_modules/lines-and-columns
778 silly ADD node_modules/json-parse-even-better-errors
779 silly ADD node_modules/error-ex
780 silly ADD node_modules/callsites
781 silly ADD node_modules/resolve-from
782 silly ADD node_modules/parent-module
783 silly ADD node_modules/ms
784 silly ADD node_modules/yaml
785 silly ADD node_modules/path-type
786 silly ADD node_modules/parse-json
787 silly ADD node_modules/import-fresh
788 silly ADD node_modules/@types/parse-json
789 silly ADD node_modules/resolve
790 silly ADD node_modules/cosmiconfig
791 silly ADD node_modules/@types/prop-types
792 silly ADD node_modules/@mui/styled-engine
793 silly ADD node_modules/@mui/private-theming
794 silly ADD node_modules/react-transition-group
795 silly ADD node_modules/react-is
796 silly ADD node_modules/prop-types
797 silly ADD node_modules/prop-types/node_modules/react-is
798 silly ADD node_modules/clsx
799 silly ADD node_modules/@types/react
800 silly ADD node_modules/@types/react-transition-group
801 silly ADD node_modules/@popperjs/core
802 silly ADD node_modules/@mui/utils
803 silly ADD node_modules/@mui/types
804 silly ADD node_modules/@mui/system
805 silly ADD node_modules/@mui/core-downloads-tracker
806 silly ADD node_modules/@jridgewell/resolve-uri
807 silly ADD node_modules/@jridgewell/sourcemap-codec
808 silly ADD node_modules/@jridgewell/set-array
809 silly ADD node_modules/@emotion/is-prop-valid
810 silly ADD node_modules/csstype
811 silly ADD node_modules/@emotion/unitless
812 silly ADD node_modules/@emotion/sheet
813 silly ADD node_modules/@babel/helper-string-parser
814 silly ADD node_modules/jsesc
815 silly ADD node_modules/@jridgewell/trace-mapping
816 silly ADD node_modules/@jridgewell/gen-mapping
817 silly ADD node_modules/picocolors
818 silly ADD node_modules/@babel/helper-validator-identifier
819 silly ADD node_modules/globals
820 silly ADD node_modules/debug
821 silly ADD node_modules/@babel/template
822 silly ADD node_modules/@babel/parser
823 silly ADD node_modules/@babel/generator
824 silly ADD node_modules/@babel/code-frame
825 silly ADD node_modules/@babel/types
826 silly ADD node_modules/@babel/traverse
827 silly ADD node_modules/stylis
828 silly ADD node_modules/source-map
829 silly ADD node_modules/find-root
830 silly ADD node_modules/escape-string-regexp
831 silly ADD node_modules/convert-source-map
832 silly ADD node_modules/babel-plugin-macros
833 silly ADD node_modules/@emotion/memoize
834 silly ADD node_modules/@emotion/hash
835 silly ADD node_modules/@babel/helper-module-imports
836 silly ADD node_modules/regenerator-runtime
837 silly ADD node_modules/hoist-non-react-statics
838 silly ADD node_modules/hoist-non-react-statics/node_modules/react-is
839 silly ADD node_modules/@emotion/weak-memoize
840 silly ADD node_modules/@emotion/utils
841 silly ADD node_modules/@emotion/use-insertion-effect-with-fallbacks
842 silly ADD node_modules/@emotion/serialize
843 silly ADD node_modules/@emotion/cache
844 silly ADD node_modules/@emotion/babel-plugin
845 silly ADD node_modules/@babel/runtime
846 silly ADD node_modules/@mui/material
847 silly ADD node_modules/@mui/icons-material
848 silly ADD node_modules/@emotion/styled
849 silly ADD node_modules/@emotion/react
850 verbose cwd C:\xampp_2\htdocs\electro\PhotoMaster\electron-react
851 verbose os Windows_NT 10.0.26100
852 verbose node v22.14.0
853 verbose npm  v10.9.2
854 verbose exit 0
855 info ok
